[debug] [2021-01-21T02:09:15.181Z] ----------------------------------------------------------------------
[debug] [2021-01-21T02:09:15.183Z] Command:       C:\Program Files\nodejs\node.exe C:\Users\ShingShing\AppData\Roaming\npm\node_modules\firebase-tools\lib\bin\firebase.js emulators:exec npm test --import=./saved-data
[debug] [2021-01-21T02:09:15.183Z] CLI Version:   9.2.0
[debug] [2021-01-21T02:09:15.183Z] Platform:      win32
[debug] [2021-01-21T02:09:15.183Z] Node Version:  v14.15.4
[debug] [2021-01-21T02:09:15.185Z] Time:          Thu Jan 21 2021 10:09:15 GMT+0800 (Singapore Standard Time)
[debug] [2021-01-21T02:09:15.185Z] ----------------------------------------------------------------------
[debug] [2021-01-21T02:09:15.185Z] 
[debug] [2021-01-21T02:09:15.188Z] >>> [apiv2][query] GET https://firebase-public.firebaseio.com/cli.json [none]
[debug] [2021-01-21T02:09:15.232Z] > command requires scopes: ["email","openid","https://www.googleapis.com/auth/cloudplatformprojects.readonly","https://www.googleapis.com/auth/firebase","https://www.googleapis.com/auth/cloud-platform"]
[debug] [2021-01-21T02:09:15.233Z] > authorizing via signed-in user
[info] i  emulators: Starting emulators: auth, functions, firestore, database, hosting {"metadata":{"emulator":{"name":"hub"},"message":"Starting emulators: auth, functions, firestore, database, hosting"}}
[debug] [2021-01-21T02:09:15.246Z] [hub] writing locator at C:\Users\SHINGS~1\AppData\Local\Temp\hub-climbing-pass-wallet.json
[info] i  emulators: Shutting down emulators. {"metadata":{"emulator":{"name":"hub"},"message":"Shutting down emulators."}}
[info] i  hub: Stopping emulator hub {"metadata":{"emulator":{"name":"hub"},"message":"Stopping emulator hub"}}
[debug] [2021-01-21T02:09:15.281Z] Error: ENOENT: no such file or directory, lstat 'D:\Documents and Settings\Lee\My Documents\Github Projects\climbing-pass-wallet-firebase\src\saved-data'
    at Object.lstatSync (fs.js:1077:3)
    at findExportMetadata (C:\Users\ShingShing\AppData\Roaming\npm\node_modules\firebase-tools\lib\emulator\controller.js:153:32)
    at Object.startAll (C:\Users\ShingShing\AppData\Roaming\npm\node_modules\firebase-tools\lib\emulator\controller.js:218:31)
    at processTicksAndRejections (internal/process/task_queues.js:93:5)
    at async Command.emulatorExec [as actionFn] (C:\Users\ShingShing\AppData\Roaming\npm\node_modules\firebase-tools\lib\emulator\commandUtils.js:284:9)
[error] 
[error] Error: An unexpected error has occurred.
